[2020-01-14 17:57:19 : INFO] - Re_Smush_It_Task with attachment ID : 427, autocreated on : January 14, 2020 05:57:19 
[2020-01-14 17:57:28 : INFO] - Re_Smush_It_Task with attachment ID : 428, autocreated on : January 14, 2020 05:57:28 
[2020-01-14 18:02:20 : INFO] - 
 
[2020-01-14 18:02:20 : INFO] - Header for logs at time:  Tue, 14 Jan 2020 18:02:20 +0000 on https://www.kinglybulldogs.com 
[2020-01-14 18:02:20 : INFO] - WP: 5.3.2 
[2020-01-14 18:02:20 : INFO] - PHP: 7.0.33 (cgi-fcgi, Linux srv34.servidorhosting.net 3.10.0-962.3.2.lve1.5.26.7.el7.x86_64 #1 SMP Wed Oct 2 07:53:12 EDT 2019 x86_64) 
[2020-01-14 18:02:20 : INFO] - MySQL: 10.0.38 
[2020-01-14 18:02:20 : INFO] - WPLANG: es_ES 
[2020-01-14 18:02:20 : INFO] - Server: Apache 
[2020-01-14 18:02:20 : INFO] - Outbound connections: N 
[2020-01-14 18:02:20 : INFO] - safe_mode: 0 
[2020-01-14 18:02:20 : INFO] - max_execution_time: 30 
[2020-01-14 18:02:20 : INFO] - memory_limit: 128M (used: 14.1M | 18M) 
[2020-01-14 18:02:20 : INFO] - multisite: N 
[2020-01-14 18:02:20 : INFO] - openssl: OpenSSL 1.0.2k-fips  26 Jan 2017 
[2020-01-14 18:02:20 : INFO] - A total of 2 tasks of type smush found and will be processed in this iteration 
[2020-01-14 18:02:20 : INFO] - Set semaphore last lock (smush) time to 2020-01-14 18:02:20 
[2020-01-14 18:02:20 : INFO] - Semaphore lock (smush) complete 
[2020-01-14 18:02:20 : INFO] - Processing task with ID : 1, and type 'smush' 
[2020-01-14 18:02:20 : INFO] - Re_Smush_It_Task with attachment ID : 427, autocreated on : January 14, 2020 05:57:19 
[2020-01-14 18:02:20 : INFO] - 95 
[2020-01-14 18:02:21 : INFO] - Backing up the original image - 2020/01/cropped-logoicon-270x270-1-updraft-pre-smush-original.jpg 
[2020-01-14 18:02:21 : INFO] - Re_Smush_It_Task with attachment ID : 427, autocreated on : January 14, 2020 05:57:19 
[2020-01-14 18:02:21 : INFO] - 95 
[2020-01-14 18:02:22 : INFO] - Re_Smush_It_Task with attachment ID : 427, autocreated on : January 14, 2020 05:57:19 
[2020-01-14 18:02:22 : INFO] - 95 
[2020-01-14 18:02:22 : INFO] - Re_Smush_It_Task with attachment ID : 427, autocreated on : January 14, 2020 05:57:19 
[2020-01-14 18:02:22 : INFO] - 95 
[2020-01-14 18:02:23 : INFO] - Re_Smush_It_Task with attachment ID : 427, autocreated on : January 14, 2020 05:57:19 
[2020-01-14 18:02:23 : INFO] - 95 
[2020-01-14 18:02:23 : INFO] - Re_Smush_It_Task with attachment ID : 427, autocreated on : January 14, 2020 05:57:19 
[2020-01-14 18:02:23 : INFO] - 95 
[2020-01-14 18:02:24 : INFO] - Re_Smush_It_Task with attachment ID : 427, autocreated on : January 14, 2020 05:57:19 
[2020-01-14 18:02:24 : INFO] - 95 
[2020-01-14 18:02:25 : INFO] - Successfully optimized the image - /home/kingly/public_html/wp-content/uploads/2020/01/cropped-logoicon-270x270-1.jpg.El archivo ha sido comprimido de 29.02 KB a 16.28 KB ahorrando un 43.9 por ciento utilizando WP-Optimize 
[2020-01-14 18:02:25 : INFO] - Completed processing task with ID : 1, and type 'smush' 
[2020-01-14 18:02:25 : INFO] - Processing task with ID : 2, and type 'smush' 
[2020-01-14 18:02:25 : INFO] - Re_Smush_It_Task with attachment ID : 428, autocreated on : January 14, 2020 05:57:28 
[2020-01-14 18:02:25 : INFO] - 95 
[2020-01-14 18:02:26 : INFO] - Backing up the original image - 2020/01/cropped-cropped-logoicon-270x270-1-updraft-pre-smush-original.jpg 
[2020-01-14 18:02:26 : INFO] - Re_Smush_It_Task with attachment ID : 428, autocreated on : January 14, 2020 05:57:28 
[2020-01-14 18:02:26 : INFO] - 95 
[2020-01-14 18:02:26 : INFO] - Re_Smush_It_Task with attachment ID : 428, autocreated on : January 14, 2020 05:57:28 
[2020-01-14 18:02:26 : INFO] - 95 
[2020-01-14 18:02:27 : INFO] - Re_Smush_It_Task with attachment ID : 428, autocreated on : January 14, 2020 05:57:28 
[2020-01-14 18:02:27 : INFO] - 95 
[2020-01-14 18:02:28 : INFO] - Re_Smush_It_Task with attachment ID : 428, autocreated on : January 14, 2020 05:57:28 
[2020-01-14 18:02:28 : INFO] - 95 
[2020-01-14 18:02:28 : INFO] - Re_Smush_It_Task with attachment ID : 428, autocreated on : January 14, 2020 05:57:28 
[2020-01-14 18:02:28 : INFO] - 95 
[2020-01-14 18:02:29 : INFO] - Re_Smush_It_Task with attachment ID : 428, autocreated on : January 14, 2020 05:57:28 
[2020-01-14 18:02:29 : INFO] - 95 
[2020-01-14 18:02:30 : INFO] - Re_Smush_It_Task with attachment ID : 428, autocreated on : January 14, 2020 05:57:28 
[2020-01-14 18:02:30 : INFO] - 95 
[2020-01-14 18:02:30 : INFO] - Re_Smush_It_Task with attachment ID : 428, autocreated on : January 14, 2020 05:57:28 
[2020-01-14 18:02:30 : INFO] - 95 
[2020-01-14 18:02:31 : INFO] - Re_Smush_It_Task with attachment ID : 428, autocreated on : January 14, 2020 05:57:28 
[2020-01-14 18:02:31 : INFO] - 95 
[2020-01-14 18:02:32 : INFO] - Re_Smush_It_Task with attachment ID : 428, autocreated on : January 14, 2020 05:57:28 
[2020-01-14 18:02:32 : INFO] - 95 
[2020-01-14 18:02:32 : INFO] - Re_Smush_It_Task with attachment ID : 428, autocreated on : January 14, 2020 05:57:28 
[2020-01-14 18:02:32 : INFO] - 95 
[2020-01-14 18:02:34 : INFO] - Re_Smush_It_Task with attachment ID : 428, autocreated on : January 14, 2020 05:57:28 
[2020-01-14 18:02:34 : INFO] - 95 
[2020-01-14 18:02:34 : INFO] - Re_Smush_It_Task with attachment ID : 428, autocreated on : January 14, 2020 05:57:28 
[2020-01-14 18:02:34 : INFO] - 95 
[2020-01-14 18:02:35 : INFO] - Re_Smush_It_Task with attachment ID : 428, autocreated on : January 14, 2020 05:57:28 
[2020-01-14 18:02:35 : INFO] - 95 
[2020-01-14 18:02:36 : INFO] - Successfully optimized the image - /home/kingly/public_html/wp-content/uploads/2020/01/cropped-cropped-logoicon-270x270-1.jpg.El archivo ha sido comprimido de 14.73 KB a 14.73 KB ahorrando un 0 por ciento utilizando WP-Optimize 
[2020-01-14 18:02:36 : INFO] - Completed processing task with ID : 2, and type 'smush' 
[2020-01-14 18:02:36 : INFO] - Decremented the semaphore (smush) by 1 
[2020-01-14 18:02:36 : INFO] - Semaphore (smush) unlocked 
[2020-01-14 18:02:36 : INFO] - Successfully processed the queue (smush). 2 tasks were processed out of 2. 
[2020-01-14 18:02:36 : INFO] - Semaphore (smush, wpf3_options) was successfully cleaned up 
[2020-01-14 18:02:36 : INFO] - Cleaning up tasks of type (smush). A total of 2 tasks will be deleted. 
[2020-01-14 18:15:01 : INFO] - 
 
[2020-01-14 18:15:01 : INFO] - Header for logs at time:  Tue, 14 Jan 2020 18:15:01 +0000 on https://www.kinglybulldogs.com 
[2020-01-14 18:15:01 : INFO] - WP: 5.3.2 
[2020-01-14 18:15:01 : INFO] - PHP: 7.0.33 (cgi-fcgi, Linux srv34.servidorhosting.net 3.10.0-962.3.2.lve1.5.26.7.el7.x86_64 #1 SMP Wed Oct 2 07:53:12 EDT 2019 x86_64) 
[2020-01-14 18:15:01 : INFO] - MySQL: 10.0.38 
[2020-01-14 18:15:01 : INFO] - WPLANG: es_ES 
[2020-01-14 18:15:01 : INFO] - Server: Apache 
[2020-01-14 18:15:01 : INFO] - Outbound connections: N 
[2020-01-14 18:15:01 : INFO] - safe_mode: 0 
[2020-01-14 18:15:01 : INFO] - max_execution_time: 30 
[2020-01-14 18:15:01 : INFO] - memory_limit: 128M (used: 14.1M | 18M) 
[2020-01-14 18:15:01 : INFO] - multisite: N 
[2020-01-14 18:15:01 : INFO] - openssl: OpenSSL 1.0.2k-fips  26 Jan 2017 
[2020-01-14 18:15:01 : INFO] - The queue for tasks of type "smush" is empty. Aborting! 
